[2019-08-09 09:55:57] production.ERROR: exception 'InvalidArgumentException' with message 'View [user.dashboard.index1] not found.' in D:\Axamp\htdocs\aqmsupgrade-healthyplanet\vendor\laravel\framework\src\Illuminate\View\FileViewFinder.php:137
Stack trace:
#0 D:\Axamp\htdocs\aqmsupgrade-healthyplanet\vendor\laravel\framework\src\Illuminate\View\FileViewFinder.php(79): Illuminate\View\FileViewFinder->findInPaths('user.dashboard....', Array)
#1 D:\Axamp\htdocs\aqmsupgrade-healthyplanet\vendor\laravel\framework\src\Illuminate\View\Factory.php(174): Illuminate\View\FileViewFinder->find('user.dashboard....')
#2 D:\Axamp\htdocs\aqmsupgrade-healthyplanet\vendor\laravel\framework\src\Illuminate\Foundation\helpers.php(856): Illuminate\View\Factory->make('user.dashboard....', Array, Array)
#3 D:\Axamp\htdocs\aqmsupgrade-healthyplanet\app\Http\Controllers\DashboardController.php(97): view('user.dashboard....', Array)
#4 [internal function]: App\Http\Controllers\DashboardController->index()
#5 D:\Axamp\htdocs\aqmsupgrade-healthyplanet\vendor\laravel\framework\src\Illuminate\Routing\Controller.php(55): call_user_func_array(Array, Array)
#6 D:\Axamp\htdocs\aqmsupgrade-healthyplanet\vendor\laravel\framework\src\Illuminate\Routing\ControllerDispatcher.php(44): Illuminate\Routing\Controller->callAction('index', Array)
#7 D:\Axamp\htdocs\aqmsupgrade-healthyplanet\vendor\laravel\framework\src\Illuminate\Routing\Route.php(190): Illuminate\Routing\ControllerDispatcher->dispatch(Object(Illuminate\Routing\Route), Object(App\Http\Controllers\DashboardController), 'index')
#8 D:\Axamp\htdocs\aqmsupgrade-healthyplanet\vendor\laravel\framework\src\Illuminate\Routing\Route.php(144): Illuminate\Routing\Route->runController()
#9 D:\Axamp\htdocs\aqmsupgrade-healthyplanet\vendor\laravel\framework\src\Illuminate\Routing\Router.php(642): Illuminate\Routing\Route->run(Object(Illuminate\Http\Request))
#10 D:\Axamp\htdocs\aqmsupgrade-healthyplanet\vendor\laravel\framework\src\Illuminate\Routing\Pipeline.php(53): Illuminate\Routing\Router->Illuminate\Routing\{closure}(Object(Illuminate\Http\Request))
#11 D:\Axamp\htdocs\aqmsupgrade-healthyplanet\app\Http\Middleware\Install.php(40): Illuminate\Routing\Pipeline->Illuminate\Routing\{closure}(Object(Illuminate\Http\Request))
#12 D:\Axamp\htdocs\aqmsupgrade-healthyplanet\vendor\laravel\framework\src\Illuminate\Pipeline\Pipeline.php(137): App\Http\Middleware\Install->handle(Object(Illuminate\Http\Request), Object(Closure))
#13 D:\Axamp\htdocs\aqmsupgrade-healthyplanet\vendor\laravel\framework\src\Illuminate\Routing\Pipeline.php(33): Illuminate\Pipeline\Pipeline->Illuminate\Pipeline\{closure}(Object(Illuminate\Http\Request))
#14 D:\Axamp\htdocs\aqmsupgrade-healthyplanet\app\Http\Middleware\Locale.php(15): Illuminate\Routing\Pipeline->Illuminate\Routing\{closure}(Object(Illuminate\Http\Request))
#15 D:\Axamp\htdocs\aqmsupgrade-healthyplanet\vendor\laravel\framework\src\Illuminate\Pipeline\Pipeline.php(137): App\Http\Middleware\Locale->handle(Object(Illuminate\Http\Request), Object(Closure))
#16 D:\Axamp\htdocs\aqmsupgrade-healthyplanet\vendor\laravel\framework\src\Illuminate\Routing\Pipeline.php(33): Illuminate\Pipeline\Pipeline->Illuminate\Pipeline\{closure}(Object(Illuminate\Http\Request))
#17 D:\Axamp\htdocs\aqmsupgrade-healthyplanet\vendor\laravel\framework\src\Illuminate\Routing\Middleware\SubstituteBindings.php(41): Illuminate\Routing\Pipeline->Illuminate\Routing\{closure}(Object(Illuminate\Http\Request))
#18 D:\Axamp\htdocs\aqmsupgrade-healthyplanet\vendor\laravel\framework\src\Illuminate\Pipeline\Pipeline.php(137): Illuminate\Routing\Middleware\SubstituteBindings->handle(Object(Illuminate\Http\Request), Object(Closure))
#19 D:\Axamp\htdocs\aqmsupgrade-healthyplanet\vendor\laravel\framework\src\Illuminate\Routing\Pipeline.php(33): Illuminate\Pipeline\Pipeline->Illuminate\Pipeline\{closure}(Object(Illuminate\Http\Request))
#20 D:\Axamp\htdocs\aqmsupgrade-healthyplanet\vendor\laravel\framework\src\Illuminate\Auth\Middleware\Authenticate.php(43): Illuminate\Routing\Pipeline->Illuminate\Routing\{closure}(Object(Illuminate\Http\Request))
#21 D:\Axamp\htdocs\aqmsupgrade-healthyplanet\vendor\laravel\framework\src\Illuminate\Pipeline\Pipeline.php(137): Illuminate\Auth\Middleware\Authenticate->handle(Object(Illuminate\Http\Request), Object(Closure), 'users')
#22 D:\Axamp\htdocs\aqmsupgrade-healthyplanet\vendor\laravel\framework\src\Illuminate\Routing\Pipeline.php(33): Illuminate\Pipeline\Pipeline->Illuminate\Pipeline\{closure}(Object(Illuminate\Http\Request))
#23 D:\Axamp\htdocs\aqmsupgrade-healthyplanet\vendor\laravel\framework\src\Illuminate\Foundation\Http\Middleware\VerifyCsrfToken.php(65): Illuminate\Routing\Pipeline->Illuminate\Routing\{closure}(Object(Illuminate\Http\Request))
#24 D:\Axamp\htdocs\aqmsupgrade-healthyplanet\vendor\laravel\framework\src\Illuminate\Pipeline\Pipeline.php(137): Illuminate\Foundation\Http\Middleware\VerifyCsrfToken->handle(Object(Illuminate\Http\Request), Object(Closure))
#25 D:\Axamp\htdocs\aqmsupgrade-healthyplanet\vendor\laravel\framework\src\Illuminate\Routing\Pipeline.php(33): Illuminate\Pipeline\Pipeline->Illuminate\Pipeline\{closure}(Object(Illuminate\Http\Request))
#26 D:\Axamp\htdocs\aqmsupgrade-healthyplanet\vendor\laravel\framework\src\Illuminate\View\Middleware\ShareErrorsFromSession.php(49): Illuminate\Routing\Pipeline->Illuminate\Routing\{closure}(Object(Illuminate\Http\Request))
#27 D:\Axamp\htdocs\aqmsupgrade-healthyplanet\vendor\laravel\framework\src\Illuminate\Pipeline\Pipeline.php(137): Illuminate\View\Middleware\ShareErrorsFromSession->handle(Object(Illuminate\Http\Request), Object(Closure))
#28 D:\Axamp\htdocs\aqmsupgrade-healthyplanet\vendor\laravel\framework\src\Illuminate\Routing\Pipeline.php(33): Illuminate\Pipeline\Pipeline->Illuminate\Pipeline\{closure}(Object(Illuminate\Http\Request))
#29 D:\Axamp\htdocs\aqmsupgrade-healthyplanet\vendor\laravel\framework\src\Illuminate\Session\Middleware\StartSession.php(64): Illuminate\Routing\Pipeline->Illuminate\Routing\{closure}(Object(Illuminate\Http\Request))
#30 D:\Axamp\htdocs\aqmsupgrade-healthyplanet\vendor\laravel\framework\src\Illuminate\Pipeline\Pipeline.php(137): Illuminate\Session\Middleware\StartSession->handle(Object(Illuminate\Http\Request), Object(Closure))
#31 D:\Axamp\htdocs\aqmsupgrade-healthyplanet\vendor\laravel\framework\src\Illuminate\Routing\Pipeline.php(33): Illuminate\Pipeline\Pipeline->Illuminate\Pipeline\{closure}(Object(Illuminate\Http\Request))
#32 D:\Axamp\htdocs\aqmsupgrade-healthyplanet\vendor\laravel\framework\src\Illuminate\Cookie\Middleware\AddQueuedCookiesToResponse.php(37): Illuminate\Routing\Pipeline->Illuminate\Routing\{closure}(Object(Illuminate\Http\Request))
#33 D:\Axamp\htdocs\aqmsupgrade-healthyplanet\vendor\laravel\framework\src\Illuminate\Pipeline\Pipeline.php(137): Illuminate\Cookie\Middleware\AddQueuedCookiesToResponse->handle(Object(Illuminate\Http\Request), Object(Closure))
#34 D:\Axamp\htdocs\aqmsupgrade-healthyplanet\vendor\laravel\framework\src\Illuminate\Routing\Pipeline.php(33): Illuminate\Pipeline\Pipeline->Illuminate\Pipeline\{closure}(Object(Illuminate\Http\Request))
#35 D:\Axamp\htdocs\aqmsupgrade-healthyplanet\vendor\laravel\framework\src\Illuminate\Cookie\Middleware\EncryptCookies.php(59): Illuminate\Routing\Pipeline->Illuminate\Routing\{closure}(Object(Illuminate\Http\Request))
#36 D:\Axamp\htdocs\aqmsupgrade-healthyplanet\vendor\laravel\framework\src\Illuminate\Pipeline\Pipeline.php(137): Illuminate\Cookie\Middleware\EncryptCookies->handle(Object(Illuminate\Http\Request), Object(Closure))
#37 D:\Axamp\htdocs\aqmsupgrade-healthyplanet\vendor\laravel\framework\src\Illuminate\Routing\Pipeline.php(33): Illuminate\Pipeline\Pipeline->Illuminate\Pipeline\{closure}(Object(Illuminate\Http\Request))
#38 D:\Axamp\htdocs\aqmsupgrade-healthyplanet\vendor\laravel\framework\src\Illuminate\Pipeline\Pipeline.php(104): Illuminate\Routing\Pipeline->Illuminate\Routing\{closure}(Object(Illuminate\Http\Request))
#39 D:\Axamp\htdocs\aqmsupgrade-healthyplanet\vendor\laravel\framework\src\Illuminate\Routing\Router.php(644): Illuminate\Pipeline\Pipeline->then(Object(Closure))
#40 D:\Axamp\htdocs\aqmsupgrade-healthyplanet\vendor\laravel\framework\src\Illuminate\Routing\Router.php(618): Illuminate\Routing\Router->runRouteWithinStack(Object(Illuminate\Routing\Route), Object(Illuminate\Http\Request))
#41 D:\Axamp\htdocs\aqmsupgrade-healthyplanet\vendor\laravel\framework\src\Illuminate\Routing\Router.php(596): Illuminate\Routing\Router->dispatchToRoute(Object(Illuminate\Http\Request))
#42 D:\Axamp\htdocs\aqmsupgrade-healthyplanet\vendor\laravel\framework\src\Illuminate\Foundation\Http\Kernel.php(268): Illuminate\Routing\Router->dispatch(Object(Illuminate\Http\Request))
#43 D:\Axamp\htdocs\aqmsupgrade-healthyplanet\vendor\laravel\framework\src\Illuminate\Routing\Pipeline.php(53): Illuminate\Foundation\Http\Kernel->Illuminate\Foundation\Http\{closure}(Object(Illuminate\Http\Request))
#44 D:\Axamp\htdocs\aqmsupgrade-healthyplanet\vendor\laravel\framework\src\Illuminate\Foundation\Http\Middleware\CheckForMaintenanceMode.php(46): Illuminate\Routing\Pipeline->Illuminate\Routing\{closure}(Object(Illuminate\Http\Request))
#45 D:\Axamp\htdocs\aqmsupgrade-healthyplanet\vendor\laravel\framework\src\Illuminate\Pipeline\Pipeline.php(137): Illuminate\Foundation\Http\Middleware\CheckForMaintenanceMode->handle(Object(Illuminate\Http\Request), Object(Closure))
#46 D:\Axamp\htdocs\aqmsupgrade-healthyplanet\vendor\laravel\framework\src\Illuminate\Routing\Pipeline.php(33): Illuminate\Pipeline\Pipeline->Illuminate\Pipeline\{closure}(Object(Illuminate\Http\Request))
#47 D:\Axamp\htdocs\aqmsupgrade-healthyplanet\vendor\laravel\framework\src\Illuminate\Pipeline\Pipeline.php(104): Illuminate\Routing\Pipeline->Illuminate\Routing\{closure}(Object(Illuminate\Http\Request))
#48 D:\Axamp\htdocs\aqmsupgrade-healthyplanet\vendor\laravel\framework\src\Illuminate\Foundation\Http\Kernel.php(150): Illuminate\Pipeline\Pipeline->then(Object(Closure))
#49 D:\Axamp\htdocs\aqmsupgrade-healthyplanet\vendor\laravel\framework\src\Illuminate\Foundation\Http\Kernel.php(117): Illuminate\Foundation\Http\Kernel->sendRequestThroughRouter(Object(Illuminate\Http\Request))
#50 D:\Axamp\htdocs\aqmsupgrade-healthyplanet\index.php(58): Illuminate\Foundation\Http\Kernel->handle(Object(Illuminate\Http\Request))
#51 {main}  
